<?xml version="1.0" encoding="UTF-8"?>
<!-- Generated by org.testng.reporters.JUnitReportReporter -->
<testsuite hostname="KSPL0212-L" failures="0" tests="1" name="Test.SampleTest" time="6.932" errors="0" timestamp="2023-03-13T16:04:05 IST" skipped="0">
  <testcase classname="Test.SampleTest" name="Testone" time="6.932"/>
  <system-out/>
</testsuite> <!-- Test.SampleTest -->
