<?xml version="1.0" encoding="UTF-8"?>
<!-- Generated by org.testng.reporters.JUnitReportReporter -->
<testsuite hostname="KSPL0212-L" failures="0" tests="1" name="Test.SampleTesttwo" time="7.352" errors="0" timestamp="2023-03-13T16:04:05 IST" skipped="0">
  <testcase classname="Test.SampleTesttwo" name="Testthree" time="7.352"/>
  <system-out/>
</testsuite> <!-- Test.SampleTesttwo -->
